This file contains any messages produced by compilers while
running configure, to aid debugging if configure makes a mistake.

It was created by diod configure 1.0.10, which was
generated by GNU Autoconf 2.68.  Invocation command line was

  $ ./configure --enable-ethertrans

## --------- ##
## Platform. ##
## --------- ##

hostname = pod
uname -m = i686
uname -r = 2.6.37.6-0.11-xen
uname -s = Linux
uname -v = #1 SMP 2011-12-19 23:39:38 +0100

/usr/bin/uname -p = unknown
/bin/uname -X     = unknown

/bin/arch              = i686
/usr/bin/arch -k       = unknown
/usr/convex/getsysinfo = unknown
/usr/bin/hostinfo      = unknown
/bin/machine           = unknown
/usr/bin/oslevel       = unknown
/bin/universe          = unknown

PATH: /home/mk/ec2-api-tools/bin
PATH: /usr/lib/mpi/gcc/openmpi/bin
PATH: /home/mk/bin
PATH: /usr/local/bin
PATH: /usr/bin
PATH: /bin
PATH: /usr/bin/X11
PATH: /usr/X11R6/bin
PATH: /usr/games
PATH: /opt/cross/bin
PATH: /usr/lib/jvm/jre/bin


## ----------- ##
## Core tests. ##
## ----------- ##

configure:2224: checking build system type
configure:2238: result: i686-pc-linux-gnu
configure:2258: checking host system type
configure:2271: result: i686-pc-linux-gnu
configure:2291: checking target system type
configure:2304: result: i686-pc-linux-gnu
configure:2332: checking metadata
configure:2505: result: yes
configure:2510: checking installation directory variables
configure:2633: result: yes
configure:2656: checking for a BSD-compatible install
configure:2724: result: /usr/bin/install -c
configure:2735: checking whether build environment is sane
configure:2785: result: yes
configure:2926: checking for a thread-safe mkdir -p
configure:2965: result: /bin/mkdir -p
configure:2978: checking for gawk
configure:2994: found /usr/bin/gawk
configure:3005: result: gawk
configure:3016: checking whether make sets $(MAKE)
configure:3038: result: yes
configure:3121: checking whether to enable maintainer-specific portions of Makefiles
configure:3130: result: no
configure:3199: checking for gcc
configure:3215: found /usr/bin/gcc
configure:3226: result: gcc
configure:3455: checking for C compiler version
configure:3464: gcc --version >&5
gcc (SUSE Linux) 4.5.1 20101208 [gcc-4_5-branch revision 167585]
Copyright (C) 2010 Free Software Foundation, Inc.
This is free software; see the source for copying conditions.  There is NO
warranty; not even for MERCHANTABILITY or FITNESS FOR A PARTICULAR PURPOSE.

configure:3475: $? = 0
configure:3464: gcc -v >&5
Using built-in specs.
COLLECT_GCC=gcc
COLLECT_LTO_WRAPPER=/usr/lib/gcc/i586-suse-linux/4.5/lto-wrapper
Target: i586-suse-linux
Configured with: ../configure --prefix=/usr --infodir=/usr/share/info --mandir=/usr/share/man --libdir=/usr/lib --libexecdir=/usr/lib --enable-languages=c,c++,objc,fortran,obj-c++,java,ada --enable-checking=release --with-gxx-include-dir=/usr/include/c++/4.5 --enable-ssp --disable-libssp --disable-plugin --with-bugurl=http://bugs.opensuse.org/ --with-pkgversion='SUSE Linux' --disable-libgcj --disable-libmudflap --with-slibdir=/lib --with-system-zlib --enable-__cxa_atexit --enable-libstdcxx-allocator=new --disable-libstdcxx-pch --enable-version-specific-runtime-libs --program-suffix=-4.5 --enable-linux-futex --without-system-libunwind --enable-gold --with-plugin-ld=/usr/bin/gold --with-arch-32=i586 --with-tune=generic --build=i586-suse-linux
Thread model: posix
gcc version 4.5.1 20101208 [gcc-4_5-branch revision 167585] (SUSE Linux) 
configure:3475: $? = 0
configure:3464: gcc -V >&5
gcc: '-V' option must have argument
configure:3475: $? = 1
configure:3464: gcc -qversion >&5
gcc: unrecognized option '-qversion'
gcc: no input files
configure:3475: $? = 1
configure:3495: checking whether the C compiler works
configure:3517: gcc    conftest.c  >&5
configure:3521: $? = 0
configure:3569: result: yes
configure:3572: checking for C compiler default output file name
configure:3574: result: a.out
configure:3580: checking for suffix of executables
configure:3587: gcc -o conftest    conftest.c  >&5
configure:3591: $? = 0
configure:3613: result: 
configure:3635: checking whether we are cross compiling
configure:3643: gcc -o conftest    conftest.c  >&5
configure:3647: $? = 0
configure:3654: ./conftest
configure:3658: $? = 0
configure:3673: result: no
configure:3678: checking for suffix of object files
configure:3700: gcc -c   conftest.c >&5
configure:3704: $? = 0
configure:3725: result: o
configure:3729: checking whether we are using the GNU C compiler
configure:3748: gcc -c   conftest.c >&5
configure:3748: $? = 0
configure:3757: result: yes
configure:3766: checking whether gcc accepts -g
configure:3786: gcc -c -g  conftest.c >&5
configure:3786: $? = 0
configure:3827: result: yes
configure:3844: checking for gcc option to accept ISO C89
configure:3908: gcc  -c -g -O2  conftest.c >&5
configure:3908: $? = 0
configure:3921: result: none needed
configure:3952: checking for style of include used by make
configure:3980: result: GNU
configure:4005: checking dependency style of gcc
configure:4115: result: gcc3
configure:4177: checking for ranlib
configure:4193: found /usr/bin/ranlib
configure:4204: result: ranlib
configure:4234: checking how to run the C preprocessor
configure:4265: gcc -E  conftest.c
configure:4265: $? = 0
configure:4279: gcc -E  conftest.c
conftest.c:31:28: fatal error: ac_nonexistent.h: No such file or directory
compilation terminated.
configure:4279: $? = 1
configure: failed program was:
| /* confdefs.h */
| #define PACKAGE_NAME "diod"
| #define PACKAGE_TARNAME "diod"
| #define PACKAGE_VERSION "1.0.10"
| #define PACKAGE_STRING "diod 1.0.10"
| #define PACKAGE_BUGREPORT ""
| #define PACKAGE_URL ""
| #define META_NAME "diod"
| #define META_VERSION "1.0.10"
| #define META_RELEASE "1"
| #define META_ALIAS "diod-1.0.10"
| #define META_DATE "2012-03-30"
| #define X_PREFIX "/usr/local"
| #define X_EXEC_PREFIX "/usr/local"
| #define X_BINDIR "/usr/local/bin"
| #define X_SBINDIR "/usr/local/sbin"
| #define X_LIBEXECDIR "/usr/local/libexec"
| #define X_DATADIR "${prefix}/share"
| #define X_SYSCONFDIR "/usr/local/etc"
| #define X_SHAREDSTATEDIR "/usr/local/com"
| #define X_LOCALSTATEDIR "/usr/local/var"
| #define X_LIBDIR "/usr/local/lib"
| #define X_INCLUDEDIR "/usr/local/include"
| #define X_OLDINCLUDEDIR "/usr/include"
| #define X_INFODIR "${prefix}/share/info"
| #define X_MANDIR "${prefix}/share/man"
| #define PACKAGE "diod"
| #define VERSION "1.0.10"
| #define _GNU_SOURCE 1
| /* end confdefs.h.  */
| #include <ac_nonexistent.h>
configure:4304: result: gcc -E
configure:4324: gcc -E  conftest.c
configure:4324: $? = 0
configure:4338: gcc -E  conftest.c
conftest.c:31:28: fatal error: ac_nonexistent.h: No such file or directory
compilation terminated.
configure:4338: $? = 1
configure: failed program was:
| /* confdefs.h */
| #define PACKAGE_NAME "diod"
| #define PACKAGE_TARNAME "diod"
| #define PACKAGE_VERSION "1.0.10"
| #define PACKAGE_STRING "diod 1.0.10"
| #define PACKAGE_BUGREPORT ""
| #define PACKAGE_URL ""
| #define META_NAME "diod"
| #define META_VERSION "1.0.10"
| #define META_RELEASE "1"
| #define META_ALIAS "diod-1.0.10"
| #define META_DATE "2012-03-30"
| #define X_PREFIX "/usr/local"
| #define X_EXEC_PREFIX "/usr/local"
| #define X_BINDIR "/usr/local/bin"
| #define X_SBINDIR "/usr/local/sbin"
| #define X_LIBEXECDIR "/usr/local/libexec"
| #define X_DATADIR "${prefix}/share"
| #define X_SYSCONFDIR "/usr/local/etc"
| #define X_SHAREDSTATEDIR "/usr/local/com"
| #define X_LOCALSTATEDIR "/usr/local/var"
| #define X_LIBDIR "/usr/local/lib"
| #define X_INCLUDEDIR "/usr/local/include"
| #define X_OLDINCLUDEDIR "/usr/include"
| #define X_INFODIR "${prefix}/share/info"
| #define X_MANDIR "${prefix}/share/man"
| #define PACKAGE "diod"
| #define VERSION "1.0.10"
| #define _GNU_SOURCE 1
| /* end confdefs.h.  */
| #include <ac_nonexistent.h>
configure:4367: checking for grep that handles long lines and -e
configure:4425: result: /usr/bin/grep
configure:4430: checking for egrep
configure:4492: result: /usr/bin/grep -E
configure:4497: checking for ANSI C header files
configure:4517: gcc -c -g -O2  conftest.c >&5
configure:4517: $? = 0
configure:4590: gcc -o conftest -g -O2   conftest.c  >&5
configure:4590: $? = 0
configure:4590: ./conftest
configure:4590: $? = 0
configure:4601: result: yes
configure:4614: checking for sys/types.h
configure:4614: gcc -c -g -O2  conftest.c >&5
configure:4614: $? = 0
configure:4614: result: yes
configure:4614: checking for sys/stat.h
configure:4614: gcc -c -g -O2  conftest.c >&5
configure:4614: $? = 0
configure:4614: result: yes
configure:4614: checking for stdlib.h
configure:4614: gcc -c -g -O2  conftest.c >&5
configure:4614: $? = 0
configure:4614: result: yes
configure:4614: checking for string.h
configure:4614: gcc -c -g -O2  conftest.c >&5
configure:4614: $? = 0
configure:4614: result: yes
configure:4614: checking for memory.h
configure:4614: gcc -c -g -O2  conftest.c >&5
configure:4614: $? = 0
configure:4614: result: yes
configure:4614: checking for strings.h
configure:4614: gcc -c -g -O2  conftest.c >&5
configure:4614: $? = 0
configure:4614: result: yes
configure:4614: checking for inttypes.h
configure:4614: gcc -c -g -O2  conftest.c >&5
configure:4614: $? = 0
configure:4614: result: yes
configure:4614: checking for stdint.h
configure:4614: gcc -c -g -O2  conftest.c >&5
configure:4614: $? = 0
configure:4614: result: yes
configure:4614: checking for unistd.h
configure:4614: gcc -c -g -O2  conftest.c >&5
configure:4614: $? = 0
configure:4614: result: yes
configure:4630: checking for poptGetArgs in default libs
configure:4654: gcc -o conftest -g -O2   conftest.c  >&5
/tmp/ccb3OzDY.o: In function `main':
/home/mk/diod/conftest.c:52: undefined reference to `poptGetArgs'
collect2: ld returned 1 exit status
configure:4654: $? = 1
configure: failed program was:
| /* confdefs.h */
| #define PACKAGE_NAME "diod"
| #define PACKAGE_TARNAME "diod"
| #define PACKAGE_VERSION "1.0.10"
| #define PACKAGE_STRING "diod 1.0.10"
| #define PACKAGE_BUGREPORT ""
| #define PACKAGE_URL ""
| #define META_NAME "diod"
| #define META_VERSION "1.0.10"
| #define META_RELEASE "1"
| #define META_ALIAS "diod-1.0.10"
| #define META_DATE "2012-03-30"
| #define X_PREFIX "/usr/local"
| #define X_EXEC_PREFIX "/usr/local"
| #define X_BINDIR "/usr/local/bin"
| #define X_SBINDIR "/usr/local/sbin"
| #define X_LIBEXECDIR "/usr/local/libexec"
| #define X_DATADIR "${prefix}/share"
| #define X_SYSCONFDIR "/usr/local/etc"
| #define X_SHAREDSTATEDIR "/usr/local/com"
| #define X_LOCALSTATEDIR "/usr/local/var"
| #define X_LIBDIR "/usr/local/lib"
| #define X_INCLUDEDIR "/usr/local/include"
| #define X_OLDINCLUDEDIR "/usr/include"
| #define X_INFODIR "${prefix}/share/info"
| #define X_MANDIR "${prefix}/share/man"
| #define PACKAGE "diod"
| #define VERSION "1.0.10"
| #define _GNU_SOURCE 1
| #define STDC_HEADERS 1
| #define HAVE_SYS_TYPES_H 1
| #define HAVE_SYS_STAT_H 1
| #define HAVE_STDLIB_H 1
| #define HAVE_STRING_H 1
| #define HAVE_MEMORY_H 1
| #define HAVE_STRINGS_H 1
| #define HAVE_INTTYPES_H 1
| #define HAVE_STDINT_H 1
| #define HAVE_UNISTD_H 1
| /* end confdefs.h.  */
| 
| /* Override any GCC internal prototype to avoid an error.
|    Use char because int might match the return type of a GCC
|    builtin and then its argument prototype would still apply.  */
| #ifdef __cplusplus
| extern "C"
| #endif
| char poptGetArgs ();
| int
| main ()
| {
| return poptGetArgs ();
|   ;
|   return 0;
| }
configure:4664: result: no
configure:4667: checking for poptGetArgs in -lpopt
configure:4692: gcc -o conftest -g -O2   conftest.c -lpopt   >&5
/usr/lib/gcc/i586-suse-linux/4.5/../../../../i586-suse-linux/bin/ld: cannot find -lpopt
collect2: ld returned 1 exit status
configure:4692: $? = 1
configure: failed program was:
| /* confdefs.h */
| #define PACKAGE_NAME "diod"
| #define PACKAGE_TARNAME "diod"
| #define PACKAGE_VERSION "1.0.10"
| #define PACKAGE_STRING "diod 1.0.10"
| #define PACKAGE_BUGREPORT ""
| #define PACKAGE_URL ""
| #define META_NAME "diod"
| #define META_VERSION "1.0.10"
| #define META_RELEASE "1"
| #define META_ALIAS "diod-1.0.10"
| #define META_DATE "2012-03-30"
| #define X_PREFIX "/usr/local"
| #define X_EXEC_PREFIX "/usr/local"
| #define X_BINDIR "/usr/local/bin"
| #define X_SBINDIR "/usr/local/sbin"
| #define X_LIBEXECDIR "/usr/local/libexec"
| #define X_DATADIR "${prefix}/share"
| #define X_SYSCONFDIR "/usr/local/etc"
| #define X_SHAREDSTATEDIR "/usr/local/com"
| #define X_LOCALSTATEDIR "/usr/local/var"
| #define X_LIBDIR "/usr/local/lib"
| #define X_INCLUDEDIR "/usr/local/include"
| #define X_OLDINCLUDEDIR "/usr/include"
| #define X_INFODIR "${prefix}/share/info"
| #define X_MANDIR "${prefix}/share/man"
| #define PACKAGE "diod"
| #define VERSION "1.0.10"
| #define _GNU_SOURCE 1
| #define STDC_HEADERS 1
| #define HAVE_SYS_TYPES_H 1
| #define HAVE_SYS_STAT_H 1
| #define HAVE_STDLIB_H 1
| #define HAVE_STRING_H 1
| #define HAVE_MEMORY_H 1
| #define HAVE_STRINGS_H 1
| #define HAVE_INTTYPES_H 1
| #define HAVE_STDINT_H 1
| #define HAVE_UNISTD_H 1
| /* end confdefs.h.  */
| 
| /* Override any GCC internal prototype to avoid an error.
|    Use char because int might match the return type of a GCC
|    builtin and then its argument prototype would still apply.  */
| #ifdef __cplusplus
| extern "C"
| #endif
| char poptGetArgs ();
| int
| main ()
| {
| return poptGetArgs ();
|   ;
|   return 0;
| }
configure:4701: result: no
configure:5381: WARNING: no libpopt so 'make check' will skip dbench run
configure:5397: checking for ANSI C header files
configure:5501: result: yes
configure:5515: checking getopt.h usability
configure:5515: gcc -c -g -O2  conftest.c >&5
configure:5515: $? = 0
configure:5515: result: yes
configure:5515: checking getopt.h presence
configure:5515: gcc -E  conftest.c
configure:5515: $? = 0
configure:5515: result: yes
configure:5515: checking for getopt.h
configure:5515: result: yes
configure:5515: checking pthread.h usability
configure:5515: gcc -c -g -O2  conftest.c >&5
configure:5515: $? = 0
configure:5515: result: yes
configure:5515: checking pthread.h presence
configure:5515: gcc -E  conftest.c
configure:5515: $? = 0
configure:5515: result: yes
configure:5515: checking for pthread.h
configure:5515: result: yes
configure:5529: checking whether byte ordering is bigendian
configure:5544: gcc -c -g -O2  conftest.c >&5
conftest.c:45:13: error: expected '=', ',', ';', 'asm' or '__attribute__' before 'a'
configure:5544: $? = 1
configure: failed program was:
| /* confdefs.h */
| #define PACKAGE_NAME "diod"
| #define PACKAGE_TARNAME "diod"
| #define PACKAGE_VERSION "1.0.10"
| #define PACKAGE_STRING "diod 1.0.10"
| #define PACKAGE_BUGREPORT ""
| #define PACKAGE_URL ""
| #define META_NAME "diod"
| #define META_VERSION "1.0.10"
| #define META_RELEASE "1"
| #define META_ALIAS "diod-1.0.10"
| #define META_DATE "2012-03-30"
| #define X_PREFIX "/usr/local"
| #define X_EXEC_PREFIX "/usr/local"
| #define X_BINDIR "/usr/local/bin"
| #define X_SBINDIR "/usr/local/sbin"
| #define X_LIBEXECDIR "/usr/local/libexec"
| #define X_DATADIR "${prefix}/share"
| #define X_SYSCONFDIR "/usr/local/etc"
| #define X_SHAREDSTATEDIR "/usr/local/com"
| #define X_LOCALSTATEDIR "/usr/local/var"
| #define X_LIBDIR "/usr/local/lib"
| #define X_INCLUDEDIR "/usr/local/include"
| #define X_OLDINCLUDEDIR "/usr/include"
| #define X_INFODIR "${prefix}/share/info"
| #define X_MANDIR "${prefix}/share/man"
| #define PACKAGE "diod"
| #define VERSION "1.0.10"
| #define _GNU_SOURCE 1
| #define STDC_HEADERS 1
| #define HAVE_SYS_TYPES_H 1
| #define HAVE_SYS_STAT_H 1
| #define HAVE_STDLIB_H 1
| #define HAVE_STRING_H 1
| #define HAVE_MEMORY_H 1
| #define HAVE_STRINGS_H 1
| #define HAVE_INTTYPES_H 1
| #define HAVE_STDINT_H 1
| #define HAVE_UNISTD_H 1
| #define STDC_HEADERS 1
| #define HAVE_GETOPT_H 1
| #define HAVE_PTHREAD_H 1
| /* end confdefs.h.  */
| #ifndef __APPLE_CC__
| 	       not a universal capable compiler
| 	     #endif
| 	     typedef int dummy;
| 
configure:5589: gcc -c -g -O2  conftest.c >&5
configure:5589: $? = 0
configure:5607: gcc -c -g -O2  conftest.c >&5
conftest.c: In function 'main':
conftest.c:51:4: error: 'not' undeclared (first use in this function)
conftest.c:51:4: note: each undeclared identifier is reported only once for each function it appears in
conftest.c:51:8: error: expected ';' before 'big'
configure:5607: $? = 1
configure: failed program was:
| /* confdefs.h */
| #define PACKAGE_NAME "diod"
| #define PACKAGE_TARNAME "diod"
| #define PACKAGE_VERSION "1.0.10"
| #define PACKAGE_STRING "diod 1.0.10"
| #define PACKAGE_BUGREPORT ""
| #define PACKAGE_URL ""
| #define META_NAME "diod"
| #define META_VERSION "1.0.10"
| #define META_RELEASE "1"
| #define META_ALIAS "diod-1.0.10"
| #define META_DATE "2012-03-30"
| #define X_PREFIX "/usr/local"
| #define X_EXEC_PREFIX "/usr/local"
| #define X_BINDIR "/usr/local/bin"
| #define X_SBINDIR "/usr/local/sbin"
| #define X_LIBEXECDIR "/usr/local/libexec"
| #define X_DATADIR "${prefix}/share"
| #define X_SYSCONFDIR "/usr/local/etc"
| #define X_SHAREDSTATEDIR "/usr/local/com"
| #define X_LOCALSTATEDIR "/usr/local/var"
| #define X_LIBDIR "/usr/local/lib"
| #define X_INCLUDEDIR "/usr/local/include"
| #define X_OLDINCLUDEDIR "/usr/include"
| #define X_INFODIR "${prefix}/share/info"
| #define X_MANDIR "${prefix}/share/man"
| #define PACKAGE "diod"
| #define VERSION "1.0.10"
| #define _GNU_SOURCE 1
| #define STDC_HEADERS 1
| #define HAVE_SYS_TYPES_H 1
| #define HAVE_SYS_STAT_H 1
| #define HAVE_STDLIB_H 1
| #define HAVE_STRING_H 1
| #define HAVE_MEMORY_H 1
| #define HAVE_STRINGS_H 1
| #define HAVE_INTTYPES_H 1
| #define HAVE_STDINT_H 1
| #define HAVE_UNISTD_H 1
| #define STDC_HEADERS 1
| #define HAVE_GETOPT_H 1
| #define HAVE_PTHREAD_H 1
| /* end confdefs.h.  */
| #include <sys/types.h>
| 		#include <sys/param.h>
| 
| int
| main ()
| {
| #if BYTE_ORDER != BIG_ENDIAN
| 		 not big endian
| 		#endif
| 
|   ;
|   return 0;
| }
configure:5735: result: no
configure:5753: checking for an ANSI C-conforming const
configure:5818: gcc -c -g -O2  conftest.c >&5
configure:5818: $? = 0
configure:5825: result: yes
configure:5845: checking for getopt_long
configure:5845: gcc -o conftest -g -O2   conftest.c  >&5
configure:5845: $? = 0
configure:5845: result: yes
configure:5845: checking for vsnprintf
configure:5845: gcc -o conftest -g -O2   conftest.c  >&5
conftest.c:68:6: warning: conflicting types for built-in function 'vsnprintf'
configure:5845: $? = 0
configure:5845: result: yes
configure:5845: checking for vsscanf
configure:5845: gcc -o conftest -g -O2   conftest.c  >&5
conftest.c:69:6: warning: conflicting types for built-in function 'vsscanf'
configure:5845: $? = 0
configure:5845: result: yes
configure:5845: checking for utimensat
configure:5845: gcc -o conftest -g -O2   conftest.c  >&5
configure:5845: $? = 0
configure:5845: result: yes
configure:5855: checking how to link against pthreads
configure:5878: gcc -o conftest -g -O2   conftest.c -lpthread >&5
configure:5878: $? = 0
configure:5890: result: -lpthread
configure:5908: checking for hosts_ctl in -lwrap
configure:5933: gcc -o conftest -g -O2   conftest.c -lwrap   >&5
/usr/lib/gcc/i586-suse-linux/4.5/../../../../i586-suse-linux/bin/ld: cannot find -lwrap
collect2: ld returned 1 exit status
configure:5933: $? = 1
configure: failed program was:
| /* confdefs.h */
| #define PACKAGE_NAME "diod"
| #define PACKAGE_TARNAME "diod"
| #define PACKAGE_VERSION "1.0.10"
| #define PACKAGE_STRING "diod 1.0.10"
| #define PACKAGE_BUGREPORT ""
| #define PACKAGE_URL ""
| #define META_NAME "diod"
| #define META_VERSION "1.0.10"
| #define META_RELEASE "1"
| #define META_ALIAS "diod-1.0.10"
| #define META_DATE "2012-03-30"
| #define X_PREFIX "/usr/local"
| #define X_EXEC_PREFIX "/usr/local"
| #define X_BINDIR "/usr/local/bin"
| #define X_SBINDIR "/usr/local/sbin"
| #define X_LIBEXECDIR "/usr/local/libexec"
| #define X_DATADIR "${prefix}/share"
| #define X_SYSCONFDIR "/usr/local/etc"
| #define X_SHAREDSTATEDIR "/usr/local/com"
| #define X_LOCALSTATEDIR "/usr/local/var"
| #define X_LIBDIR "/usr/local/lib"
| #define X_INCLUDEDIR "/usr/local/include"
| #define X_OLDINCLUDEDIR "/usr/include"
| #define X_INFODIR "${prefix}/share/info"
| #define X_MANDIR "${prefix}/share/man"
| #define PACKAGE "diod"
| #define VERSION "1.0.10"
| #define _GNU_SOURCE 1
| #define STDC_HEADERS 1
| #define HAVE_SYS_TYPES_H 1
| #define HAVE_SYS_STAT_H 1
| #define HAVE_STDLIB_H 1
| #define HAVE_STRING_H 1
| #define HAVE_MEMORY_H 1
| #define HAVE_STRINGS_H 1
| #define HAVE_INTTYPES_H 1
| #define HAVE_STDINT_H 1
| #define HAVE_UNISTD_H 1
| #define STDC_HEADERS 1
| #define HAVE_GETOPT_H 1
| #define HAVE_PTHREAD_H 1
| #define HAVE_GETOPT_LONG 1
| #define HAVE_VSNPRINTF 1
| #define HAVE_VSSCANF 1
| #define HAVE_UTIMENSAT 1
| #define _REENTRANT 1
| #define _THREAD_SAFE 1
| /* end confdefs.h.  */
| 
| /* Override any GCC internal prototype to avoid an error.
|    Use char because int might match the return type of a GCC
|    builtin and then its argument prototype would still apply.  */
| #ifdef __cplusplus
| extern "C"
| #endif
| char hosts_ctl ();
| int
| main ()
| {
| return hosts_ctl ();
|   ;
|   return 0;
| }
configure:5942: result: no
configure:5970: checking for working curses
configure:5987: gcc -o conftest -g -O2   conftest.c  -lcurses >&5
/usr/lib/gcc/i586-suse-linux/4.5/../../../../i586-suse-linux/bin/ld: cannot find -lcurses
collect2: ld returned 1 exit status
configure:5987: $? = 1
configure: failed program was:
| /* confdefs.h */
| #define PACKAGE_NAME "diod"
| #define PACKAGE_TARNAME "diod"
| #define PACKAGE_VERSION "1.0.10"
| #define PACKAGE_STRING "diod 1.0.10"
| #define PACKAGE_BUGREPORT ""
| #define PACKAGE_URL ""
| #define META_NAME "diod"
| #define META_VERSION "1.0.10"
| #define META_RELEASE "1"
| #define META_ALIAS "diod-1.0.10"
| #define META_DATE "2012-03-30"
| #define X_PREFIX "/usr/local"
| #define X_EXEC_PREFIX "/usr/local"
| #define X_BINDIR "/usr/local/bin"
| #define X_SBINDIR "/usr/local/sbin"
| #define X_LIBEXECDIR "/usr/local/libexec"
| #define X_DATADIR "${prefix}/share"
| #define X_SYSCONFDIR "/usr/local/etc"
| #define X_SHAREDSTATEDIR "/usr/local/com"
| #define X_LOCALSTATEDIR "/usr/local/var"
| #define X_LIBDIR "/usr/local/lib"
| #define X_INCLUDEDIR "/usr/local/include"
| #define X_OLDINCLUDEDIR "/usr/include"
| #define X_INFODIR "${prefix}/share/info"
| #define X_MANDIR "${prefix}/share/man"
| #define PACKAGE "diod"
| #define VERSION "1.0.10"
| #define _GNU_SOURCE 1
| #define STDC_HEADERS 1
| #define HAVE_SYS_TYPES_H 1
| #define HAVE_SYS_STAT_H 1
| #define HAVE_STDLIB_H 1
| #define HAVE_STRING_H 1
| #define HAVE_MEMORY_H 1
| #define HAVE_STRINGS_H 1
| #define HAVE_INTTYPES_H 1
| #define HAVE_STDINT_H 1
| #define HAVE_UNISTD_H 1
| #define STDC_HEADERS 1
| #define HAVE_GETOPT_H 1
| #define HAVE_PTHREAD_H 1
| #define HAVE_GETOPT_LONG 1
| #define HAVE_VSNPRINTF 1
| #define HAVE_VSSCANF 1
| #define HAVE_UTIMENSAT 1
| #define _REENTRANT 1
| #define _THREAD_SAFE 1
| /* end confdefs.h.  */
| #include <curses.h>
| int
| main ()
| {
| chtype a; int b=A_STANDOUT, c=KEY_LEFT; initscr();
|   ;
|   return 0;
| }
configure:5995: result: no
configure:6007: checking for working ncurses
configure:6024: gcc -o conftest -g -O2   conftest.c  -lncurses >&5
configure:6024: $? = 0
configure:6032: result: yes
configure:6046: checking for munge_ctx_create in default libs
configure:6070: gcc -o conftest -g -O2   conftest.c  >&5
/tmp/ccUNdAqP.o: In function `main':
/home/mk/diod/conftest.c:62: undefined reference to `munge_ctx_create'
collect2: ld returned 1 exit status
configure:6070: $? = 1
configure: failed program was:
| /* confdefs.h */
| #define PACKAGE_NAME "diod"
| #define PACKAGE_TARNAME "diod"
| #define PACKAGE_VERSION "1.0.10"
| #define PACKAGE_STRING "diod 1.0.10"
| #define PACKAGE_BUGREPORT ""
| #define PACKAGE_URL ""
| #define META_NAME "diod"
| #define META_VERSION "1.0.10"
| #define META_RELEASE "1"
| #define META_ALIAS "diod-1.0.10"
| #define META_DATE "2012-03-30"
| #define X_PREFIX "/usr/local"
| #define X_EXEC_PREFIX "/usr/local"
| #define X_BINDIR "/usr/local/bin"
| #define X_SBINDIR "/usr/local/sbin"
| #define X_LIBEXECDIR "/usr/local/libexec"
| #define X_DATADIR "${prefix}/share"
| #define X_SYSCONFDIR "/usr/local/etc"
| #define X_SHAREDSTATEDIR "/usr/local/com"
| #define X_LOCALSTATEDIR "/usr/local/var"
| #define X_LIBDIR "/usr/local/lib"
| #define X_INCLUDEDIR "/usr/local/include"
| #define X_OLDINCLUDEDIR "/usr/include"
| #define X_INFODIR "${prefix}/share/info"
| #define X_MANDIR "${prefix}/share/man"
| #define PACKAGE "diod"
| #define VERSION "1.0.10"
| #define _GNU_SOURCE 1
| #define STDC_HEADERS 1
| #define HAVE_SYS_TYPES_H 1
| #define HAVE_SYS_STAT_H 1
| #define HAVE_STDLIB_H 1
| #define HAVE_STRING_H 1
| #define HAVE_MEMORY_H 1
| #define HAVE_STRINGS_H 1
| #define HAVE_INTTYPES_H 1
| #define HAVE_STDINT_H 1
| #define HAVE_UNISTD_H 1
| #define STDC_HEADERS 1
| #define HAVE_GETOPT_H 1
| #define HAVE_PTHREAD_H 1
| #define HAVE_GETOPT_LONG 1
| #define HAVE_VSNPRINTF 1
| #define HAVE_VSSCANF 1
| #define HAVE_UTIMENSAT 1
| #define _REENTRANT 1
| #define _THREAD_SAFE 1
| #define HAVE_NCURSES_H /**/
| /* end confdefs.h.  */
| 
| /* Override any GCC internal prototype to avoid an error.
|    Use char because int might match the return type of a GCC
|    builtin and then its argument prototype would still apply.  */
| #ifdef __cplusplus
| extern "C"
| #endif
| char munge_ctx_create ();
| int
| main ()
| {
| return munge_ctx_create ();
|   ;
|   return 0;
| }
configure:6080: result: no
configure:6083: checking for munge_ctx_create in -lmunge
configure:6108: gcc -o conftest -g -O2   conftest.c -lmunge   >&5
/usr/lib/gcc/i586-suse-linux/4.5/../../../../i586-suse-linux/bin/ld: cannot find -lmunge
collect2: ld returned 1 exit status
configure:6108: $? = 1
configure: failed program was:
| /* confdefs.h */
| #define PACKAGE_NAME "diod"
| #define PACKAGE_TARNAME "diod"
| #define PACKAGE_VERSION "1.0.10"
| #define PACKAGE_STRING "diod 1.0.10"
| #define PACKAGE_BUGREPORT ""
| #define PACKAGE_URL ""
| #define META_NAME "diod"
| #define META_VERSION "1.0.10"
| #define META_RELEASE "1"
| #define META_ALIAS "diod-1.0.10"
| #define META_DATE "2012-03-30"
| #define X_PREFIX "/usr/local"
| #define X_EXEC_PREFIX "/usr/local"
| #define X_BINDIR "/usr/local/bin"
| #define X_SBINDIR "/usr/local/sbin"
| #define X_LIBEXECDIR "/usr/local/libexec"
| #define X_DATADIR "${prefix}/share"
| #define X_SYSCONFDIR "/usr/local/etc"
| #define X_SHAREDSTATEDIR "/usr/local/com"
| #define X_LOCALSTATEDIR "/usr/local/var"
| #define X_LIBDIR "/usr/local/lib"
| #define X_INCLUDEDIR "/usr/local/include"
| #define X_OLDINCLUDEDIR "/usr/include"
| #define X_INFODIR "${prefix}/share/info"
| #define X_MANDIR "${prefix}/share/man"
| #define PACKAGE "diod"
| #define VERSION "1.0.10"
| #define _GNU_SOURCE 1
| #define STDC_HEADERS 1
| #define HAVE_SYS_TYPES_H 1
| #define HAVE_SYS_STAT_H 1
| #define HAVE_STDLIB_H 1
| #define HAVE_STRING_H 1
| #define HAVE_MEMORY_H 1
| #define HAVE_STRINGS_H 1
| #define HAVE_INTTYPES_H 1
| #define HAVE_STDINT_H 1
| #define HAVE_UNISTD_H 1
| #define STDC_HEADERS 1
| #define HAVE_GETOPT_H 1
| #define HAVE_PTHREAD_H 1
| #define HAVE_GETOPT_LONG 1
| #define HAVE_VSNPRINTF 1
| #define HAVE_VSSCANF 1
| #define HAVE_UTIMENSAT 1
| #define _REENTRANT 1
| #define _THREAD_SAFE 1
| #define HAVE_NCURSES_H /**/
| /* end confdefs.h.  */
| 
| /* Override any GCC internal prototype to avoid an error.
|    Use char because int might match the return type of a GCC
|    builtin and then its argument prototype would still apply.  */
| #ifdef __cplusplus
| extern "C"
| #endif
| char munge_ctx_create ();
| int
| main ()
| {
| return munge_ctx_create ();
|   ;
|   return 0;
| }
configure:6117: result: no
configure:6136: checking for cap_get_proc in default libs
configure:6160: gcc -o conftest -g -O2   conftest.c  >&5
/tmp/cc8nw05l.o: In function `main':
/home/mk/diod/conftest.c:62: undefined reference to `cap_get_proc'
collect2: ld returned 1 exit status
configure:6160: $? = 1
configure: failed program was:
| /* confdefs.h */
| #define PACKAGE_NAME "diod"
| #define PACKAGE_TARNAME "diod"
| #define PACKAGE_VERSION "1.0.10"
| #define PACKAGE_STRING "diod 1.0.10"
| #define PACKAGE_BUGREPORT ""
| #define PACKAGE_URL ""
| #define META_NAME "diod"
| #define META_VERSION "1.0.10"
| #define META_RELEASE "1"
| #define META_ALIAS "diod-1.0.10"
| #define META_DATE "2012-03-30"
| #define X_PREFIX "/usr/local"
| #define X_EXEC_PREFIX "/usr/local"
| #define X_BINDIR "/usr/local/bin"
| #define X_SBINDIR "/usr/local/sbin"
| #define X_LIBEXECDIR "/usr/local/libexec"
| #define X_DATADIR "${prefix}/share"
| #define X_SYSCONFDIR "/usr/local/etc"
| #define X_SHAREDSTATEDIR "/usr/local/com"
| #define X_LOCALSTATEDIR "/usr/local/var"
| #define X_LIBDIR "/usr/local/lib"
| #define X_INCLUDEDIR "/usr/local/include"
| #define X_OLDINCLUDEDIR "/usr/include"
| #define X_INFODIR "${prefix}/share/info"
| #define X_MANDIR "${prefix}/share/man"
| #define PACKAGE "diod"
| #define VERSION "1.0.10"
| #define _GNU_SOURCE 1
| #define STDC_HEADERS 1
| #define HAVE_SYS_TYPES_H 1
| #define HAVE_SYS_STAT_H 1
| #define HAVE_STDLIB_H 1
| #define HAVE_STRING_H 1
| #define HAVE_MEMORY_H 1
| #define HAVE_STRINGS_H 1
| #define HAVE_INTTYPES_H 1
| #define HAVE_STDINT_H 1
| #define HAVE_UNISTD_H 1
| #define STDC_HEADERS 1
| #define HAVE_GETOPT_H 1
| #define HAVE_PTHREAD_H 1
| #define HAVE_GETOPT_LONG 1
| #define HAVE_VSNPRINTF 1
| #define HAVE_VSSCANF 1
| #define HAVE_UTIMENSAT 1
| #define _REENTRANT 1
| #define _THREAD_SAFE 1
| #define HAVE_NCURSES_H /**/
| /* end confdefs.h.  */
| 
| /* Override any GCC internal prototype to avoid an error.
|    Use char because int might match the return type of a GCC
|    builtin and then its argument prototype would still apply.  */
| #ifdef __cplusplus
| extern "C"
| #endif
| char cap_get_proc ();
| int
| main ()
| {
| return cap_get_proc ();
|   ;
|   return 0;
| }
configure:6170: result: no
configure:6173: checking for cap_get_proc in -lcap
configure:6198: gcc -o conftest -g -O2   conftest.c -lcap   >&5
configure:6198: $? = 0
configure:6207: result: yes
configure:6360: checking lua.h usability
configure:6360: gcc -c -g -O2   conftest.c >&5
configure:6360: $? = 0
configure:6360: result: yes
configure:6360: checking lua.h presence
configure:6360: gcc -E   conftest.c
configure:6360: $? = 0
configure:6360: result: yes
configure:6360: checking for lua.h
configure:6360: result: yes
configure:6360: checking lualib.h usability
configure:6360: gcc -c -g -O2   conftest.c >&5
configure:6360: $? = 0
configure:6360: result: yes
configure:6360: checking lualib.h presence
configure:6360: gcc -E   conftest.c
configure:6360: $? = 0
configure:6360: result: yes
configure:6360: checking for lualib.h
configure:6360: result: yes
configure:6382: checking for lua.h
configure:6382: result: yes
configure:6382: checking for lualib.h
configure:6382: result: yes
configure:6399: checking for exp in -lm
configure:6424: gcc -o conftest -g -O2   conftest.c -lm   >&5
conftest.c:63:6: warning: conflicting types for built-in function 'exp'
configure:6424: $? = 0
configure:6433: result: yes
configure:6439: checking for dlopen in -ldl
configure:6464: gcc -o conftest -g -O2   conftest.c -ldl   >&5
configure:6464: $? = 0
configure:6473: result: yes
configure:6480: checking for lua_call in -llua
configure:6505: gcc -o conftest -g -O2   conftest.c -llua   -lm -ldl  >&5
configure:6505: $? = 0
configure:6515: result: yes
configure:6798: checking for special C compiler options needed for large files
configure:6843: result: no
configure:6849: checking for _FILE_OFFSET_BITS value needed for large files
configure:6874: gcc -c -g -O2  conftest.c >&5
conftest.c:66:3: warning: left shift count >= width of type
conftest.c:66:3: warning: left shift count >= width of type
conftest.c:67:10: warning: left shift count >= width of type
conftest.c:67:10: warning: left shift count >= width of type
conftest.c:66:7: error: size of array 'off_t_is_large' is negative
conftest.c:68:9: warning: variably modified 'off_t_is_large' at file scope
configure:6874: $? = 1
configure: failed program was:
| /* confdefs.h */
| #define PACKAGE_NAME "diod"
| #define PACKAGE_TARNAME "diod"
| #define PACKAGE_VERSION "1.0.10"
| #define PACKAGE_STRING "diod 1.0.10"
| #define PACKAGE_BUGREPORT ""
| #define PACKAGE_URL ""
| #define META_NAME "diod"
| #define META_VERSION "1.0.10"
| #define META_RELEASE "1"
| #define META_ALIAS "diod-1.0.10"
| #define META_DATE "2012-03-30"
| #define X_PREFIX "/usr/local"
| #define X_EXEC_PREFIX "/usr/local"
| #define X_BINDIR "/usr/local/bin"
| #define X_SBINDIR "/usr/local/sbin"
| #define X_LIBEXECDIR "/usr/local/libexec"
| #define X_DATADIR "${prefix}/share"
| #define X_SYSCONFDIR "/usr/local/etc"
| #define X_SHAREDSTATEDIR "/usr/local/com"
| #define X_LOCALSTATEDIR "/usr/local/var"
| #define X_LIBDIR "/usr/local/lib"
| #define X_INCLUDEDIR "/usr/local/include"
| #define X_OLDINCLUDEDIR "/usr/include"
| #define X_INFODIR "${prefix}/share/info"
| #define X_MANDIR "${prefix}/share/man"
| #define PACKAGE "diod"
| #define VERSION "1.0.10"
| #define _GNU_SOURCE 1
| #define STDC_HEADERS 1
| #define HAVE_SYS_TYPES_H 1
| #define HAVE_SYS_STAT_H 1
| #define HAVE_STDLIB_H 1
| #define HAVE_STRING_H 1
| #define HAVE_MEMORY_H 1
| #define HAVE_STRINGS_H 1
| #define HAVE_INTTYPES_H 1
| #define HAVE_STDINT_H 1
| #define HAVE_UNISTD_H 1
| #define STDC_HEADERS 1
| #define HAVE_GETOPT_H 1
| #define HAVE_PTHREAD_H 1
| #define HAVE_GETOPT_LONG 1
| #define HAVE_VSNPRINTF 1
| #define HAVE_VSSCANF 1
| #define HAVE_UTIMENSAT 1
| #define _REENTRANT 1
| #define _THREAD_SAFE 1
| #define HAVE_NCURSES_H /**/
| #define HAVE_LIBCAP 1
| #define HAVE_LUA_H 1
| #define HAVE_LUALIB_H 1
| #define HAVE_LUA_H 1
| #define HAVE_LUALIB_H 1
| #define WITH_ETHERTRANS 1
| #define WITH_LSD_FATAL_ERROR_FUNC 1
| #define WITH_LSD_NOMEM_ERROR_FUNC 1
| #define WITH_PTHREADS 1
| /* end confdefs.h.  */
| #include <sys/types.h>
|  /* Check that off_t can represent 2**63 - 1 correctly.
|     We can't simply define LARGE_OFF_T to be 9223372036854775807,
|     since some C++ compilers masquerading as C compilers
|     incorrectly reject 9223372036854775807.  */
| #define LARGE_OFF_T (((off_t) 1 << 62) - 1 + ((off_t) 1 << 62))
|   int off_t_is_large[(LARGE_OFF_T % 2147483629 == 721
| 		       && LARGE_OFF_T % 2147483647 == 1)
| 		      ? 1 : -1];
| int
| main ()
| {
| 
|   ;
|   return 0;
| }
configure:6898: gcc -c -g -O2  conftest.c >&5
configure:6898: $? = 0
configure:6906: result: 64
configure:7147: creating ./config.status

## ---------------------- ##
## Running config.status. ##
## ---------------------- ##

This file was extended by diod config.status 1.0.10, which was
generated by GNU Autoconf 2.68.  Invocation command line was

  CONFIG_FILES    = 
  CONFIG_HEADERS  = 
  CONFIG_LINKS    = 
  CONFIG_COMMANDS = 
  $ ./config.status 

on pod

config.status:983: creating Makefile
config.status:983: creating diod.spec
config.status:983: creating libdiod/Makefile
config.status:983: creating liblsd/Makefile
config.status:983: creating libnpfs/Makefile
config.status:983: creating libnpclient/Makefile
config.status:983: creating diod/diod.8
config.status:983: creating utils/diodmount.8
config.status:983: creating utils/diodcat.8
config.status:983: creating utils/dtop.8
config.status:983: creating utils/diodload.8
config.status:983: creating etc/diod.conf.5
config.status:983: creating scripts/Makefile
config.status:983: creating scripts/diod.init
config.status:983: creating scripts/auto.diod
config.status:983: creating diod/Makefile
config.status:983: creating utils/Makefile
config.status:983: creating tests/Makefile
config.status:983: creating tests/misc/Makefile
config.status:983: creating tests/kern/Makefile
config.status:983: creating tests/kern/fstest/Makefile
config.status:983: creating tests/kern/dbench/Makefile
config.status:983: creating tests/kern/postmark/Makefile
config.status:983: creating tests/kern/fsx/Makefile
config.status:983: creating tests/kern/fsstress/Makefile
config.status:983: creating tests/user/Makefile
config.status:983: creating etc/Makefile
config.status:983: creating config/config.h
config.status:1164: config/config.h is unchanged
config.status:1212: executing depfiles commands

## ---------------- ##
## Cache variables. ##
## ---------------- ##

ac_cv_build=i686-pc-linux-gnu
ac_cv_c_bigendian=no
ac_cv_c_compiler_gnu=yes
ac_cv_c_const=yes
ac_cv_env_CC_set=
ac_cv_env_CC_value=
ac_cv_env_CFLAGS_set=
ac_cv_env_CFLAGS_value=
ac_cv_env_CPPFLAGS_set=
ac_cv_env_CPPFLAGS_value=
ac_cv_env_CPP_set=
ac_cv_env_CPP_value=
ac_cv_env_LDFLAGS_set=
ac_cv_env_LDFLAGS_value=
ac_cv_env_LIBS_set=
ac_cv_env_LIBS_value=
ac_cv_env_build_alias_set=
ac_cv_env_build_alias_value=
ac_cv_env_host_alias_set=
ac_cv_env_host_alias_value=
ac_cv_env_target_alias_set=
ac_cv_env_target_alias_value=
ac_cv_func_getopt_long=yes
ac_cv_func_utimensat=yes
ac_cv_func_vsnprintf=yes
ac_cv_func_vsscanf=yes
ac_cv_header_getopt_h=yes
ac_cv_header_inttypes_h=yes
ac_cv_header_lua_h=yes
ac_cv_header_lualib_h=yes
ac_cv_header_memory_h=yes
ac_cv_header_pthread_h=yes
ac_cv_header_stdc=yes
ac_cv_header_stdint_h=yes
ac_cv_header_stdlib_h=yes
ac_cv_header_string_h=yes
ac_cv_header_strings_h=yes
ac_cv_header_sys_stat_h=yes
ac_cv_header_sys_types_h=yes
ac_cv_header_unistd_h=yes
ac_cv_host=i686-pc-linux-gnu
ac_cv_lib_cap_cap_get_proc=yes
ac_cv_lib_dl_dlopen=yes
ac_cv_lib_lua___lua_call=yes
ac_cv_lib_m_exp=yes
ac_cv_lib_munge_munge_ctx_create=no
ac_cv_lib_popt_poptGetArgs=no
ac_cv_lib_wrap_hosts_ctl=no
ac_cv_objext=o
ac_cv_path_EGREP='/usr/bin/grep -E'
ac_cv_path_GREP=/usr/bin/grep
ac_cv_path_install='/usr/bin/install -c'
ac_cv_path_mkdir=/bin/mkdir
ac_cv_prog_AWK=gawk
ac_cv_prog_CPP='gcc -E'
ac_cv_prog_ac_ct_CC=gcc
ac_cv_prog_ac_ct_RANLIB=ranlib
ac_cv_prog_cc_c89=
ac_cv_prog_cc_g=yes
ac_cv_prog_make_make_set=yes
ac_cv_sys_file_offset_bits=64
ac_cv_sys_largefile_CC=no
ac_cv_target=i686-pc-linux-gnu
am_cv_CC_dependencies_compiler_type=gcc3
mp_cv_curses=no
mp_cv_ncurses=yes
x_ac_cv_check_pthreads=-lpthread
x_ac_cv_lib_none_cap_get_proc=no
x_ac_cv_lib_none_munge_ctx_create=no
x_ac_cv_lib_none_poptGetArgs=no

## ----------------- ##
## Output variables. ##
## ----------------- ##

ACLOCAL='${SHELL} /home/mk/diod/config/missing --run aclocal-1.11'
AMDEPBACKSLASH='\'
AMDEP_FALSE='#'
AMDEP_TRUE=''
AMTAR='${SHELL} /home/mk/diod/config/missing --run tar'
AUTOCONF='${SHELL} /home/mk/diod/config/missing --run autoconf'
AUTOHEADER='${SHELL} /home/mk/diod/config/missing --run autoheader'
AUTOMAKE='${SHELL} /home/mk/diod/config/missing --run automake-1.11'
AWK='gawk'
CC='gcc'
CCDEPMODE='depmode=gcc3'
CFLAGS='-g -O2'
CPP='gcc -E'
CPPFLAGS=''
CYGPATH_W='echo'
DBENCH_FALSE=''
DBENCH_TRUE='#'
DEFS='-DHAVE_CONFIG_H'
DEPDIR='.deps'
ECHO_C=''
ECHO_N='-n'
ECHO_T=''
EGREP='/usr/bin/grep -E'
ETHERTRANS_FALSE='#'
ETHERTRANS_TRUE=''
EXEEXT=''
GCCWARN='-Wall'
GREP='/usr/bin/grep'
INSTALL_DATA='${INSTALL} -m 644'
INSTALL_PROGRAM='${INSTALL}'
INSTALL_SCRIPT='${INSTALL}'
INSTALL_STRIP_PROGRAM='$(install_sh) -c -s'
LDFLAGS=''
LIBCAP='-lcap'
LIBCURSES='-lncurses'
LIBIBVERBS=''
LIBLUA=' -llua  -lm -ldl'
LIBMUNGE=''
LIBOBJS=''
LIBPOPT=''
LIBPTHREAD='-lpthread'
LIBRDMACM=''
LIBS=''
LIBTCMALLOC=''
LIBWRAP=''
LTLIBOBJS=''
MAINT='#'
MAINTAINER_MODE_FALSE=''
MAINTAINER_MODE_TRUE='#'
MAKEINFO='${SHELL} /home/mk/diod/config/missing --run makeinfo'
META_ALIAS='diod-1.0.10'
META_AUTHOR=''
META_DATE='2012-03-30'
META_LT_AGE=''
META_LT_CURRENT=''
META_LT_REVISION=''
META_NAME='diod'
META_RELEASE='1'
META_VERSION='1.0.10'
MKDIR_P='/bin/mkdir -p'
OBJEXT='o'
PACKAGE='diod'
PACKAGE_BUGREPORT=''
PACKAGE_NAME='diod'
PACKAGE_STRING='diod 1.0.10'
PACKAGE_TARNAME='diod'
PACKAGE_URL=''
PACKAGE_VERSION='1.0.10'
PATH_SEPARATOR=':'
RANLIB='ranlib'
RDMATRANS_FALSE=''
RDMATRANS_TRUE='#'
SET_MAKE=''
SHELL='/bin/sh'
STRIP=''
TCMALLOC_FALSE=''
TCMALLOC_TRUE='#'
VERSION='1.0.10'
X_BINDIR='/usr/local/bin'
X_DATADIR='${prefix}/share'
X_EXEC_PREFIX='/usr/local'
X_INCLUDEDIR='/usr/local/include'
X_INFODIR='${prefix}/share/info'
X_LIBDIR='/usr/local/lib'
X_LIBEXECDIR='/usr/local/libexec'
X_LOCALSTATEDIR='/usr/local/var'
X_MANDIR='${prefix}/share/man'
X_OLDINCLUDEDIR='/usr/include'
X_PREFIX='/usr/local'
X_SBINDIR='/usr/local/sbin'
X_SHAREDSTATEDIR='/usr/local/com'
X_SYSCONFDIR='/usr/local/etc'
ac_ct_CC='gcc'
am__EXEEXT_FALSE=''
am__EXEEXT_TRUE='#'
am__fastdepCC_FALSE='#'
am__fastdepCC_TRUE=''
am__include='include'
am__isrc=''
am__leading_dot='.'
am__quote=''
am__tar='${AMTAR} chof - "$$tardir"'
am__untar='${AMTAR} xf -'
bindir='${exec_prefix}/bin'
build='i686-pc-linux-gnu'
build_alias=''
build_cpu='i686'
build_os='linux-gnu'
build_vendor='pc'
datadir='${datarootdir}'
datarootdir='${prefix}/share'
docdir='${datarootdir}/doc/${PACKAGE_TARNAME}'
dvidir='${docdir}'
exec_prefix='${prefix}'
host='i686-pc-linux-gnu'
host_alias=''
host_cpu='i686'
host_os='linux-gnu'
host_vendor='pc'
htmldir='${docdir}'
includedir='${prefix}/include'
infodir='${datarootdir}/info'
install_sh='${SHELL} /home/mk/diod/config/install-sh'
libdir='${exec_prefix}/lib'
libexecdir='${exec_prefix}/libexec'
localedir='${datarootdir}/locale'
localstatedir='${prefix}/var'
mandir='${datarootdir}/man'
mkdir_p='/bin/mkdir -p'
oldincludedir='/usr/include'
pdfdir='${docdir}'
prefix='/usr/local'
program_transform_name='s,x,x,'
psdir='${docdir}'
sbindir='${exec_prefix}/sbin'
sharedstatedir='${prefix}/com'
sysconfdir='${prefix}/etc'
target='i686-pc-linux-gnu'
target_alias=''
target_cpu='i686'
target_os='linux-gnu'
target_vendor='pc'

## ----------- ##
## confdefs.h. ##
## ----------- ##

/* confdefs.h */
#define PACKAGE_NAME "diod"
#define PACKAGE_TARNAME "diod"
#define PACKAGE_VERSION "1.0.10"
#define PACKAGE_STRING "diod 1.0.10"
#define PACKAGE_BUGREPORT ""
#define PACKAGE_URL ""
#define META_NAME "diod"
#define META_VERSION "1.0.10"
#define META_RELEASE "1"
#define META_ALIAS "diod-1.0.10"
#define META_DATE "2012-03-30"
#define X_PREFIX "/usr/local"
#define X_EXEC_PREFIX "/usr/local"
#define X_BINDIR "/usr/local/bin"
#define X_SBINDIR "/usr/local/sbin"
#define X_LIBEXECDIR "/usr/local/libexec"
#define X_DATADIR "${prefix}/share"
#define X_SYSCONFDIR "/usr/local/etc"
#define X_SHAREDSTATEDIR "/usr/local/com"
#define X_LOCALSTATEDIR "/usr/local/var"
#define X_LIBDIR "/usr/local/lib"
#define X_INCLUDEDIR "/usr/local/include"
#define X_OLDINCLUDEDIR "/usr/include"
#define X_INFODIR "${prefix}/share/info"
#define X_MANDIR "${prefix}/share/man"
#define PACKAGE "diod"
#define VERSION "1.0.10"
#define _GNU_SOURCE 1
#define STDC_HEADERS 1
#define HAVE_SYS_TYPES_H 1
#define HAVE_SYS_STAT_H 1
#define HAVE_STDLIB_H 1
#define HAVE_STRING_H 1
#define HAVE_MEMORY_H 1
#define HAVE_STRINGS_H 1
#define HAVE_INTTYPES_H 1
#define HAVE_STDINT_H 1
#define HAVE_UNISTD_H 1
#define STDC_HEADERS 1
#define HAVE_GETOPT_H 1
#define HAVE_PTHREAD_H 1
#define HAVE_GETOPT_LONG 1
#define HAVE_VSNPRINTF 1
#define HAVE_VSSCANF 1
#define HAVE_UTIMENSAT 1
#define _REENTRANT 1
#define _THREAD_SAFE 1
#define HAVE_NCURSES_H /**/
#define HAVE_LIBCAP 1
#define HAVE_LUA_H 1
#define HAVE_LUALIB_H 1
#define HAVE_LUA_H 1
#define HAVE_LUALIB_H 1
#define WITH_ETHERTRANS 1
#define WITH_LSD_FATAL_ERROR_FUNC 1
#define WITH_LSD_NOMEM_ERROR_FUNC 1
#define WITH_PTHREADS 1
#define _FILE_OFFSET_BITS 64

configure: exit 0
